This file contains any messages produced by compilers while
running configure, to aid debugging if configure makes a mistake.

It was created by configure, which was
generated by GNU Autoconf 2.61.  Invocation command line was

  $ ./configure 

## --------- ##
## Platform. ##
## --------- ##

hostname = Ran
uname -m = i686
uname -r = 1.0.18(0.48/3/2)
uname -s = MINGW32_NT-6.2
uname -v = 2012-11-21 22:34

/usr/bin/uname -p = unknown
/bin/uname -X     = unknown

/bin/arch              = unknown
/usr/bin/arch -k       = unknown
/usr/convex/getsysinfo = unknown
/usr/bin/hostinfo      = unknown
/bin/machine           = unknown
/usr/bin/oslevel       = unknown
/bin/universe          = unknown

PATH: .
PATH: /usr/local/bin
PATH: /mingw/bin
PATH: /bin
PATH: /c/Python27
PATH: /c/Program Files (x86)/Intel/iCLS Client/
PATH: /c/Program Files/Intel/iCLS Client/
PATH: /c/Program Files (x86)/AMD APP/bin/x86_64
PATH: /c/Program Files (x86)/AMD APP/bin/x86
PATH: /c/Windows/system32
PATH: /c/Windows
PATH: /c/Windows/System32/Wbem
PATH: /c/Windows/System32/WindowsPowerShell/v1.0/
PATH: /c/Program Files (x86)/ATI Technologies/ATI.ACE/Core-Static
PATH: /c/Program Files (x86)/QuickTime/QTSystem/
PATH: /c/Users/Ran/AppData/Local/Smartbar/Application/
PATH: /c/Program Files/Intel/Intel(R) Management Engine Components/DAL
PATH: /c/Program Files/Intel/Intel(R) Management Engine Components/IPT
PATH: /c/Program Files (x86)/Intel/Intel(R) Management Engine Components/DAL
PATH: /c/Program Files (x86)/Intel/Intel(R) Management Engine Components/IPT
PATH: /c/WINDOWS/system32
PATH: /c/WINDOWS
PATH: /c/WINDOWS/System32/Wbem
PATH: /c/WINDOWS/System32/WindowsPowerShell/v1.0/
PATH: /c/Program Files (x86)/Satsuki Decoder Pack/Filtres


## ----------- ##
## Core tests. ##
## ----------- ##

configure:1771: checking for a BSD-compatible install
configure:1827: result: /bin/install -c
configure:1838: checking whether build environment is sane
configure:1881: result: yes
configure:1946: checking for gawk
configure:1962: found /bin/gawk
configure:1973: result: gawk
configure:1984: checking whether make sets $(MAKE)
configure:2005: result: yes
configure:2241: checking for gcc
configure:2257: found /mingw/bin/gcc
configure:2268: result: gcc
configure:2506: checking for C compiler version
configure:2513: gcc --version >&5
gcc.exe (GCC) 4.8.1
Copyright (C) 2013 Free Software Foundation, Inc.
This is free software; see the source for copying conditions.  There is NO
warranty; not even for MERCHANTABILITY or FITNESS FOR A PARTICULAR PURPOSE.

configure:2516: $? = 0
configure:2523: gcc -v >&5
Using built-in specs.
COLLECT_GCC=c:\MinGW\bin\gcc.exe
COLLECT_LTO_WRAPPER=c:/mingw/bin/../libexec/gcc/mingw32/4.8.1/lto-wrapper.exe
Target: mingw32
Configured with: ../gcc-4.8.1/configure --prefix=/mingw --host=mingw32 --build=mingw32 --without-pic --enable-shared --enable-static --with-gnu-ld --enable-lto --enable-libssp --disable-multilib --enable-languages=c,c++,fortran,objc,obj-c++,ada --disable-sjlj-exceptions --with-dwarf2 --disable-win32-registry --enable-libstdcxx-debug --enable-version-specific-runtime-libs --with-gmp=/usr/src/pkg/gmp-5.1.2-1-mingw32-src/bld --with-mpc=/usr/src/pkg/mpc-1.0.1-1-mingw32-src/bld --with-mpfr= --with-system-zlib --with-gnu-as --enable-decimal-float=yes --enable-libgomp --enable-threads --with-libiconv-prefix=/mingw32 --with-libintl-prefix=/mingw --disable-bootstrap LDFLAGS=-s CFLAGS=-D_USE_32BIT_TIME_T
Thread model: win32
gcc version 4.8.1 (GCC) 
configure:2526: $? = 0
configure:2533: gcc -V >&5
gcc.exe: error: unrecognized command line option '-V'
gcc.exe: fatal error: no input files
compilation terminated.
configure:2536: $? = 1
configure:2559: checking for C compiler default output file name
configure:2586: gcc    conftest.c  >&5
configure:2589: $? = 0
configure:2627: result: a.exe
configure:2644: checking whether the C compiler works
configure:2654: ./a.exe
configure:2657: $? = 0
configure:2674: result: yes
configure:2681: checking whether we are cross compiling
configure:2683: result: no
configure:2686: checking for suffix of executables
configure:2693: gcc -o conftest.exe    conftest.c  >&5
configure:2696: $? = 0
configure:2720: result: .exe
configure:2726: checking for suffix of object files
configure:2752: gcc -c   conftest.c >&5
configure:2755: $? = 0
configure:2778: result: o
configure:2782: checking whether we are using the GNU C compiler
configure:2811: gcc -c   conftest.c >&5
configure:2817: $? = 0
configure:2834: result: yes
configure:2839: checking whether gcc accepts -g
configure:2869: gcc -c -g  conftest.c >&5
configure:2875: $? = 0
configure:2974: result: yes
configure:2991: checking for gcc option to accept ISO C89
configure:3065: gcc  -c -g -O2  conftest.c >&5
configure:3071: $? = 0
configure:3094: result: none needed
configure:3123: checking for style of include used by make
configure:3151: result: GNU
configure:3179: checking dependency style of gcc
configure:3269: result: gcc3
configure:3299: checking for a BSD-compatible install
configure:3355: result: /bin/install -c
configure:3370: checking for initscr in -lncurses
configure:3405: gcc -o conftest.exe -g -O2   conftest.c -lncurses   >&5
c:/mingw/bin/../lib/gcc/mingw32/4.8.1/../../../../mingw32/bin/ld.exe: cannot find -lncurses
collect2.exe: error: ld returned 1 exit status
configure:3411: $? = 1
configure: failed program was:
| /* confdefs.h.  */
| #define PACKAGE_NAME ""
| #define PACKAGE_TARNAME ""
| #define PACKAGE_VERSION ""
| #define PACKAGE_STRING ""
| #define PACKAGE_BUGREPORT ""
| #define PACKAGE "artnet-examples"
| #define VERSION "0.3.10"
| /* end confdefs.h.  */
| 
| /* Override any GCC internal prototype to avoid an error.
|    Use char because int might match the return type of a GCC
|    builtin and then its argument prototype would still apply.  */
| #ifdef __cplusplus
| extern "C"
| #endif
| char initscr ();
| int
| main ()
| {
| return initscr ();
|   ;
|   return 0;
| }
configure:3429: result: no
configure:3452: checking how to run the C preprocessor
configure:3492: gcc -E  conftest.c
configure:3498: $? = 0
configure:3529: gcc -E  conftest.c
conftest.c:10:28: fatal error: ac_nonexistent.h: No such file or directory
 #include <ac_nonexistent.h>
                            ^
compilation terminated.
configure:3535: $? = 1
configure: failed program was:
| /* confdefs.h.  */
| #define PACKAGE_NAME ""
| #define PACKAGE_TARNAME ""
| #define PACKAGE_VERSION ""
| #define PACKAGE_STRING ""
| #define PACKAGE_BUGREPORT ""
| #define PACKAGE "artnet-examples"
| #define VERSION "0.3.10"
| /* end confdefs.h.  */
| #include <ac_nonexistent.h>
configure:3568: result: gcc -E
configure:3597: gcc -E  conftest.c
configure:3603: $? = 0
configure:3634: gcc -E  conftest.c
conftest.c:10:28: fatal error: ac_nonexistent.h: No such file or directory
 #include <ac_nonexistent.h>
                            ^
compilation terminated.
configure:3640: $? = 1
configure: failed program was:
| /* confdefs.h.  */
| #define PACKAGE_NAME ""
| #define PACKAGE_TARNAME ""
| #define PACKAGE_VERSION ""
| #define PACKAGE_STRING ""
| #define PACKAGE_BUGREPORT ""
| #define PACKAGE "artnet-examples"
| #define VERSION "0.3.10"
| /* end confdefs.h.  */
| #include <ac_nonexistent.h>
configure:3678: checking for grep that handles long lines and -e
configure:3752: result: /bin/grep
configure:3757: checking for egrep
configure:3835: result: /bin/grep -E
configure:3840: checking for ANSI C header files
configure:3870: gcc -c -g -O2  conftest.c >&5
configure:3876: $? = 0
configure:3975: gcc -o conftest.exe -g -O2   conftest.c  >&5
configure:3978: $? = 0
configure:3984: ./conftest.exe
configure:3987: $? = 0
configure:4004: result: yes
configure:4028: checking for sys/types.h
configure:4049: gcc -c -g -O2  conftest.c >&5
configure:4055: $? = 0
configure:4071: result: yes
configure:4028: checking for sys/stat.h
configure:4049: gcc -c -g -O2  conftest.c >&5
configure:4055: $? = 0
configure:4071: result: yes
configure:4028: checking for stdlib.h
configure:4049: gcc -c -g -O2  conftest.c >&5
configure:4055: $? = 0
configure:4071: result: yes
configure:4028: checking for string.h
configure:4049: gcc -c -g -O2  conftest.c >&5
configure:4055: $? = 0
configure:4071: result: yes
configure:4028: checking for memory.h
configure:4049: gcc -c -g -O2  conftest.c >&5
configure:4055: $? = 0
configure:4071: result: yes
configure:4028: checking for strings.h
configure:4049: gcc -c -g -O2  conftest.c >&5
configure:4055: $? = 0
configure:4071: result: yes
configure:4028: checking for inttypes.h
configure:4049: gcc -c -g -O2  conftest.c >&5
configure:4055: $? = 0
configure:4071: result: yes
configure:4028: checking for stdint.h
configure:4049: gcc -c -g -O2  conftest.c >&5
configure:4055: $? = 0
configure:4071: result: yes
configure:4028: checking for unistd.h
configure:4049: gcc -c -g -O2  conftest.c >&5
configure:4055: $? = 0
configure:4071: result: yes
configure:4106: checking fcntl.h usability
configure:4123: gcc -c -g -O2  conftest.c >&5
configure:4129: $? = 0
configure:4143: result: yes
configure:4147: checking fcntl.h presence
configure:4162: gcc -E  conftest.c
configure:4168: $? = 0
configure:4182: result: yes
configure:4210: checking for fcntl.h
configure:4218: result: yes
configure:4106: checking malloc.h usability
configure:4123: gcc -c -g -O2  conftest.c >&5
configure:4129: $? = 0
configure:4143: result: yes
configure:4147: checking malloc.h presence
configure:4162: gcc -E  conftest.c
configure:4168: $? = 0
configure:4182: result: yes
configure:4210: checking for malloc.h
configure:4218: result: yes
configure:4096: checking for stdlib.h
configure:4102: result: yes
configure:4096: checking for string.h
configure:4102: result: yes
configure:4106: checking sys/ioctl.h usability
configure:4123: gcc -c -g -O2  conftest.c >&5
conftest.c:57:23: fatal error: sys/ioctl.h: No such file or directory
 #include <sys/ioctl.h>
                       ^
compilation terminated.
configure:4129: $? = 1
configure: failed program was:
| /* confdefs.h.  */
| #define PACKAGE_NAME ""
| #define PACKAGE_TARNAME ""
| #define PACKAGE_VERSION ""
| #define PACKAGE_STRING ""
| #define PACKAGE_BUGREPORT ""
| #define PACKAGE "artnet-examples"
| #define VERSION "0.3.10"
| #define STDC_HEADERS 1
| #define HAVE_SYS_TYPES_H 1
| #define HAVE_SYS_STAT_H 1
| #define HAVE_STDLIB_H 1
| #define HAVE_STRING_H 1
| #define HAVE_MEMORY_H 1
| #define HAVE_STRINGS_H 1
| #define HAVE_INTTYPES_H 1
| #define HAVE_STDINT_H 1
| #define HAVE_UNISTD_H 1
| #define HAVE_FCNTL_H 1
| #define HAVE_MALLOC_H 1
| #define HAVE_STDLIB_H 1
| #define HAVE_STRING_H 1
| /* end confdefs.h.  */
| #include <stdio.h>
| #ifdef HAVE_SYS_TYPES_H
| # include <sys/types.h>
| #endif
| #ifdef HAVE_SYS_STAT_H
| # include <sys/stat.h>
| #endif
| #ifdef STDC_HEADERS
| # include <stdlib.h>
| # include <stddef.h>
| #else
| # ifdef HAVE_STDLIB_H
| #  include <stdlib.h>
| # endif
| #endif
| #ifdef HAVE_STRING_H
| # if !defined STDC_HEADERS && defined HAVE_MEMORY_H
| #  include <memory.h>
| # endif
| # include <string.h>
| #endif
| #ifdef HAVE_STRINGS_H
| # include <strings.h>
| #endif
| #ifdef HAVE_INTTYPES_H
| # include <inttypes.h>
| #endif
| #ifdef HAVE_STDINT_H
| # include <stdint.h>
| #endif
| #ifdef HAVE_UNISTD_H
| # include <unistd.h>
| #endif
| #include <sys/ioctl.h>
configure:4143: result: no
configure:4147: checking sys/ioctl.h presence
configure:4162: gcc -E  conftest.c
conftest.c:24:23: fatal error: sys/ioctl.h: No such file or directory
 #include <sys/ioctl.h>
                       ^
compilation terminated.
configure:4168: $? = 1
configure: failed program was:
| /* confdefs.h.  */
| #define PACKAGE_NAME ""
| #define PACKAGE_TARNAME ""
| #define PACKAGE_VERSION ""
| #define PACKAGE_STRING ""
| #define PACKAGE_BUGREPORT ""
| #define PACKAGE "artnet-examples"
| #define VERSION "0.3.10"
| #define STDC_HEADERS 1
| #define HAVE_SYS_TYPES_H 1
| #define HAVE_SYS_STAT_H 1
| #define HAVE_STDLIB_H 1
| #define HAVE_STRING_H 1
| #define HAVE_MEMORY_H 1
| #define HAVE_STRINGS_H 1
| #define HAVE_INTTYPES_H 1
| #define HAVE_STDINT_H 1
| #define HAVE_UNISTD_H 1
| #define HAVE_FCNTL_H 1
| #define HAVE_MALLOC_H 1
| #define HAVE_STDLIB_H 1
| #define HAVE_STRING_H 1
| /* end confdefs.h.  */
| #include <sys/ioctl.h>
configure:4182: result: no
configure:4210: checking for sys/ioctl.h
configure:4218: result: no
configure:4106: checking sys/time.h usability
configure:4123: gcc -c -g -O2  conftest.c >&5
configure:4129: $? = 0
configure:4143: result: yes
configure:4147: checking sys/time.h presence
configure:4162: gcc -E  conftest.c
configure:4168: $? = 0
configure:4182: result: yes
configure:4210: checking for sys/time.h
configure:4218: result: yes
configure:4106: checking sys/timeb.h usability
configure:4123: gcc -c -g -O2  conftest.c >&5
configure:4129: $? = 0
configure:4143: result: yes
configure:4147: checking sys/timeb.h presence
configure:4162: gcc -E  conftest.c
configure:4168: $? = 0
configure:4182: result: yes
configure:4210: checking for sys/timeb.h
configure:4218: result: yes
configure:4106: checking termios.h usability
configure:4123: gcc -c -g -O2  conftest.c >&5
conftest.c:59:21: fatal error: termios.h: No such file or directory
 #include <termios.h>
                     ^
compilation terminated.
configure:4129: $? = 1
configure: failed program was:
| /* confdefs.h.  */
| #define PACKAGE_NAME ""
| #define PACKAGE_TARNAME ""
| #define PACKAGE_VERSION ""
| #define PACKAGE_STRING ""
| #define PACKAGE_BUGREPORT ""
| #define PACKAGE "artnet-examples"
| #define VERSION "0.3.10"
| #define STDC_HEADERS 1
| #define HAVE_SYS_TYPES_H 1
| #define HAVE_SYS_STAT_H 1
| #define HAVE_STDLIB_H 1
| #define HAVE_STRING_H 1
| #define HAVE_MEMORY_H 1
| #define HAVE_STRINGS_H 1
| #define HAVE_INTTYPES_H 1
| #define HAVE_STDINT_H 1
| #define HAVE_UNISTD_H 1
| #define HAVE_FCNTL_H 1
| #define HAVE_MALLOC_H 1
| #define HAVE_STDLIB_H 1
| #define HAVE_STRING_H 1
| #define HAVE_SYS_TIME_H 1
| #define HAVE_SYS_TIMEB_H 1
| /* end confdefs.h.  */
| #include <stdio.h>
| #ifdef HAVE_SYS_TYPES_H
| # include <sys/types.h>
| #endif
| #ifdef HAVE_SYS_STAT_H
| # include <sys/stat.h>
| #endif
| #ifdef STDC_HEADERS
| # include <stdlib.h>
| # include <stddef.h>
| #else
| # ifdef HAVE_STDLIB_H
| #  include <stdlib.h>
| # endif
| #endif
| #ifdef HAVE_STRING_H
| # if !defined STDC_HEADERS && defined HAVE_MEMORY_H
| #  include <memory.h>
| # endif
| # include <string.h>
| #endif
| #ifdef HAVE_STRINGS_H
| # include <strings.h>
| #endif
| #ifdef HAVE_INTTYPES_H
| # include <inttypes.h>
| #endif
| #ifdef HAVE_STDINT_H
| # include <stdint.h>
| #endif
| #ifdef HAVE_UNISTD_H
| # include <unistd.h>
| #endif
| #include <termios.h>
configure:4143: result: no
configure:4147: checking termios.h presence
configure:4162: gcc -E  conftest.c
conftest.c:26:21: fatal error: termios.h: No such file or directory
 #include <termios.h>
                     ^
compilation terminated.
configure:4168: $? = 1
configure: failed program was:
| /* confdefs.h.  */
| #define PACKAGE_NAME ""
| #define PACKAGE_TARNAME ""
| #define PACKAGE_VERSION ""
| #define PACKAGE_STRING ""
| #define PACKAGE_BUGREPORT ""
| #define PACKAGE "artnet-examples"
| #define VERSION "0.3.10"
| #define STDC_HEADERS 1
| #define HAVE_SYS_TYPES_H 1
| #define HAVE_SYS_STAT_H 1
| #define HAVE_STDLIB_H 1
| #define HAVE_STRING_H 1
| #define HAVE_MEMORY_H 1
| #define HAVE_STRINGS_H 1
| #define HAVE_INTTYPES_H 1
| #define HAVE_STDINT_H 1
| #define HAVE_UNISTD_H 1
| #define HAVE_FCNTL_H 1
| #define HAVE_MALLOC_H 1
| #define HAVE_STDLIB_H 1
| #define HAVE_STRING_H 1
| #define HAVE_SYS_TIME_H 1
| #define HAVE_SYS_TIMEB_H 1
| /* end confdefs.h.  */
| #include <termios.h>
configure:4182: result: no
configure:4210: checking for termios.h
configure:4218: result: no
configure:4096: checking for unistd.h
configure:4102: result: yes
configure:4283: checking for pkg-config
configure:4316: result: no
configure:4356: checking for libartnet
configure:4446: error: The pkg-config script could not be found or is too old.  Make sure it
is in your PATH or set the PKG_CONFIG environment variable to the full
path to pkg-config.

Alternatively, you may set the environment variables libartnet_CFLAGS
and libartnet_LIBS to avoid the need to call pkg-config.
See the pkg-config man page for more details.

To get pkg-config, see <http://www.freedesktop.org/software/pkgconfig>.
See `config.log' for more details.

## ---------------- ##
## Cache variables. ##
## ---------------- ##

ac_cv_c_compiler_gnu=yes
ac_cv_env_CC_set=
ac_cv_env_CC_value=
ac_cv_env_CFLAGS_set=
ac_cv_env_CFLAGS_value=
ac_cv_env_CPPFLAGS_set=
ac_cv_env_CPPFLAGS_value=
ac_cv_env_CPP_set=
ac_cv_env_CPP_value=
ac_cv_env_LDFLAGS_set=
ac_cv_env_LDFLAGS_value=
ac_cv_env_LIBS_set=
ac_cv_env_LIBS_value=
ac_cv_env_PKG_CONFIG_set=
ac_cv_env_PKG_CONFIG_value=
ac_cv_env_build_alias_set=
ac_cv_env_build_alias_value=
ac_cv_env_host_alias_set=
ac_cv_env_host_alias_value=
ac_cv_env_libartnet_CFLAGS_set=
ac_cv_env_libartnet_CFLAGS_value=
ac_cv_env_libartnet_LIBS_set=
ac_cv_env_libartnet_LIBS_value=
ac_cv_env_target_alias_set=
ac_cv_env_target_alias_value=
ac_cv_exeext=.exe
ac_cv_header_fcntl_h=yes
ac_cv_header_inttypes_h=yes
ac_cv_header_malloc_h=yes
ac_cv_header_memory_h=yes
ac_cv_header_stdc=yes
ac_cv_header_stdint_h=yes
ac_cv_header_stdlib_h=yes
ac_cv_header_string_h=yes
ac_cv_header_strings_h=yes
ac_cv_header_sys_ioctl_h=no
ac_cv_header_sys_stat_h=yes
ac_cv_header_sys_time_h=yes
ac_cv_header_sys_timeb_h=yes
ac_cv_header_sys_types_h=yes
ac_cv_header_termios_h=no
ac_cv_header_unistd_h=yes
ac_cv_lib_ncurses_initscr=no
ac_cv_objext=o
ac_cv_path_EGREP='/bin/grep -E'
ac_cv_path_GREP=/bin/grep
ac_cv_path_install='/bin/install -c'
ac_cv_prog_AWK=gawk
ac_cv_prog_CPP='gcc -E'
ac_cv_prog_ac_ct_CC=gcc
ac_cv_prog_cc_c89=
ac_cv_prog_cc_g=yes
ac_cv_prog_make_make_set=yes
am_cv_CC_dependencies_compiler_type=gcc3

## ----------------- ##
## Output variables. ##
## ----------------- ##

ACLOCAL='${SHELL} /C/Projekte/libartnet-win32/Develope/libartnet/examples/missing --run aclocal-1.9'
AMDEPBACKSLASH='\'
AMDEP_FALSE='#'
AMDEP_TRUE=''
AMTAR='${SHELL} /C/Projekte/libartnet-win32/Develope/libartnet/examples/missing --run tar'
AUTOCONF='${SHELL} /C/Projekte/libartnet-win32/Develope/libartnet/examples/missing --run autoconf'
AUTOHEADER='${SHELL} /C/Projekte/libartnet-win32/Develope/libartnet/examples/missing --run autoheader'
AUTOMAKE='${SHELL} /C/Projekte/libartnet-win32/Develope/libartnet/examples/missing --run automake-1.9'
AWK='gawk'
CC='gcc'
CCDEPMODE='depmode=gcc3'
CFLAGS='-g -O2'
CPP='gcc -E'
CPPFLAGS=''
CYGPATH_W='echo'
DEFS=''
DEPDIR='.deps'
ECHO_C=''
ECHO_N='-n'
ECHO_T=''
EGREP='/bin/grep -E'
EXEEXT='.exe'
GREP='/bin/grep'
HAVE_NCURSES_FALSE=''
HAVE_NCURSES_TRUE='#'
INSTALL_DATA='${INSTALL} -m 644'
INSTALL_PROGRAM='${INSTALL}'
INSTALL_SCRIPT='${INSTALL}'
INSTALL_STRIP_PROGRAM='${SHELL} $(install_sh) -c -s'
LDFLAGS=''
LIBOBJS=''
LIBS=''
LTLIBOBJS=''
MAKEINFO='${SHELL} /C/Projekte/libartnet-win32/Develope/libartnet/examples/missing --run makeinfo'
OBJEXT='o'
PACKAGE='artnet-examples'
PACKAGE_BUGREPORT=''
PACKAGE_NAME=''
PACKAGE_STRING=''
PACKAGE_TARNAME=''
PACKAGE_VERSION=''
PATH_SEPARATOR=':'
PKG_CONFIG=''
SET_MAKE=''
SHELL='/bin/sh'
STRIP=''
VERSION='0.3.10'
ac_ct_CC='gcc'
am__fastdepCC_FALSE='#'
am__fastdepCC_TRUE=''
am__include='include'
am__leading_dot='.'
am__quote=''
am__tar='${AMTAR} chof - "$$tardir"'
am__untar='${AMTAR} xf -'
bindir='${exec_prefix}/bin'
build_alias=''
datadir='${datarootdir}'
datarootdir='${prefix}/share'
docdir='${datarootdir}/doc/${PACKAGE}'
dvidir='${docdir}'
exec_prefix='NONE'
host_alias=''
htmldir='${docdir}'
includedir='${prefix}/include'
infodir='${datarootdir}/info'
install_sh='/C/Projekte/libartnet-win32/Develope/libartnet/examples/install-sh'
libartnet_CFLAGS=''
libartnet_LIBS=''
libdir='${exec_prefix}/lib'
libexecdir='${exec_prefix}/libexec'
localedir='${datarootdir}/locale'
localstatedir='${prefix}/var'
mandir='${datarootdir}/man'
mkdir_p='mkdir -p --'
oldincludedir='/usr/include'
pdfdir='${docdir}'
prefix='NONE'
program_transform_name='s,x,x,'
psdir='${docdir}'
sbindir='${exec_prefix}/sbin'
sharedstatedir='${prefix}/com'
sysconfdir='${prefix}/etc'
target_alias=''

## ----------- ##
## confdefs.h. ##
## ----------- ##

#define PACKAGE_NAME ""
#define PACKAGE_TARNAME ""
#define PACKAGE_VERSION ""
#define PACKAGE_STRING ""
#define PACKAGE_BUGREPORT ""
#define PACKAGE "artnet-examples"
#define VERSION "0.3.10"
#define STDC_HEADERS 1
#define HAVE_SYS_TYPES_H 1
#define HAVE_SYS_STAT_H 1
#define HAVE_STDLIB_H 1
#define HAVE_STRING_H 1
#define HAVE_MEMORY_H 1
#define HAVE_STRINGS_H 1
#define HAVE_INTTYPES_H 1
#define HAVE_STDINT_H 1
#define HAVE_UNISTD_H 1
#define HAVE_FCNTL_H 1
#define HAVE_MALLOC_H 1
#define HAVE_STDLIB_H 1
#define HAVE_STRING_H 1
#define HAVE_SYS_TIME_H 1
#define HAVE_SYS_TIMEB_H 1
#define HAVE_UNISTD_H 1

configure: exit 1
